<?xml version="1.0" encoding="UTF-8"?>
<!-- Generated by org.testng.reporters.JUnitXMLReporter -->
<testsuite hostname="tulasiramg" name=" Yepme Test" tests="3" failures="0" timestamp="25 Sep 2014 19:10:11 GMT" time="222.657" errors="0">
  <testcase name="test" time="31.943" classname="mypack.PurchaseButoon"/>
  <testcase name="test" time="46.675" classname="mypack.VerifyingShareLinks"/>
  <testcase name="test" time="99.441" classname="mypack.DynamicImageForwarding"/>
</testsuite> <!--  Yepme Test -->
