<?xml version="1.0" encoding="UTF-8"?>
<!-- Generated by org.testng.reporters.JUnitXMLReporter -->
<testsuite hostname="tulasiramg" name=" Yepme Test" tests="3" failures="0" timestamp="26 Sep 2014 01:12:36 GMT" time="213.46" errors="0">
  <testcase name="test" time="31.352" classname="mypack.PurchaseButoon"/>
  <testcase name="test" time="48.235" classname="mypack.VerifyingShareLinks"/>
  <testcase name="test" time="89.479" classname="mypack.DynamicImageForwarding"/>
</testsuite> <!--  Yepme Test -->
